<?xml version="1.0" encoding="utf-8"?><testsuites name="pytest tests"><testsuite name="pytest" errors="0" failures="0" skipped="0" tests="260" time="58.261" timestamp="2026-09-23T17:42:32.743180+05:00" hostname="shyr1es"><testcase classname="tests.backend.test_api" name="test_health_meta_and_recommendation_share_catalogue" time="0.048" /><testcase classname="tests.backend.test_api" name="test_invalid_input_uses_one_error_schema[budget_kzt-True]" time="0.019" /><testcase classname="tests.backend.test_api" name="test_invalid_input_uses_one_error_schema[budget_kzt-1000000]" time="0.019" /><testcase classname="tests.backend.test_api" name="test_invalid_input_uses_one_error_schema[budget_kzt-1000000.0]" time="0.020" /><testcase classname="tests.backend.test_api" name="test_invalid_input_uses_one_error_schema[budget_kzt-0]" time="0.020" /><testcase classname="tests.backend.test_api" name="test_invalid_input_uses_one_error_schema[budget_kzt--1]" time="0.018" /><testcase classname="tests.backend.test_api" name="test_invalid_input_uses_one_error_schema[budget_kzt-None]" time="0.021" /><testcase classname="tests.backend.test_api" name="test_invalid_input_uses_one_error_schema[duration_hours-0]" time="0.020" /><testcase classname="tests.backend.test_api" name="test_invalid_input_uses_one_error_schema[duration_hours--1]" time="0.020" /><testcase classname="tests.backend.test_api" name="test_invalid_input_uses_one_error_schema[duration_hours-True]" time="0.019" /><testcase classname="tests.backend.test_api" name="test_invalid_input_uses_one_error_schema[duration_hours-4]" time="0.019" /><testcase classname="tests.backend.test_api" name="test_invalid_input_uses_one_error_schema[duration_hours-]" time="0.018" /><testcase classname="tests.backend.test_api" name="test_invalid_input_uses_one_error_schema[city-Unknown]" time="0.019" /><testcase classname="tests.backend.test_api" name="test_invalid_input_uses_one_error_schema[city-   ]" time="0.019" /><testcase classname="tests.backend.test_api" name="test_invalid_input_uses_one_error_schema[city-1]" time="0.018" /><testcase classname="tests.backend.test_api" name="test_invalid_input_uses_one_error_schema[category-Unknown]" time="0.022" /><testcase classname="tests.backend.test_api" name="test_invalid_input_uses_one_error_schema[event_type-Unknown]" time="0.020" /><testcase classname="tests.backend.test_api" name="test_invalid_input_uses_one_error_schema[language-Unknown]" time="0.020" /><testcase classname="tests.backend.test_api" name="test_invalid_input_uses_one_error_schema[language-]" time="0.019" /><testcase classname="tests.backend.test_api" name="test_invalid_input_uses_one_error_schema[event_date-2026-09-22]" time="0.022" /><testcase classname="tests.backend.test_api" name="test_invalid_input_uses_one_error_schema[event_date-2027-01-01]" time="0.019" /><testcase classname="tests.backend.test_api" name="test_invalid_input_uses_one_error_schema[event_date-2026-11-31]" time="0.019" /><testcase classname="tests.backend.test_api" name="test_invalid_input_uses_one_error_schema[event_date-15.10.2026]" time="0.020" /><testcase classname="tests.backend.test_api" name="test_invalid_input_uses_one_error_schema[event_date-2026-10-15T00:00:00]" time="0.021" /><testcase classname="tests.backend.test_api" name="test_invalid_input_uses_one_error_schema[event_date-20261015]" time="0.022" /><testcase classname="tests.backend.test_api" name="test_invalid_input_uses_one_error_schema[unexpected-1]" time="0.019" /><testcase classname="tests.backend.test_api" name="test_missing_required_fields[city]" time="0.019" /><testcase classname="tests.backend.test_api" name="test_missing_required_fields[event_date]" time="0.019" /><testcase classname="tests.backend.test_api" name="test_missing_required_fields[event_type]" time="0.020" /><testcase classname="tests.backend.test_api" name="test_missing_required_fields[category]" time="0.019" /><testcase classname="tests.backend.test_api" name="test_missing_required_fields[budget_kzt]" time="0.018" /><testcase classname="tests.backend.test_api" name="test_nonfinite_duration_is_rejected_without_server_error[nan]" time="0.019" /><testcase classname="tests.backend.test_api" name="test_nonfinite_duration_is_rejected_without_server_error[inf]" time="0.020" /><testcase classname="tests.backend.test_api" name="test_nonfinite_duration_is_rejected_without_server_error[-inf]" time="0.021" /><testcase classname="tests.backend.test_api" name="test_malformed_or_nonobject_json[{]" time="0.019" /><testcase classname="tests.backend.test_api" name="test_malformed_or_nonobject_json[null]" time="0.019" /><testcase classname="tests.backend.test_api" name="test_malformed_or_nonobject_json[[]]" time="0.020" /><testcase classname="tests.backend.test_api" name="test_calendar_endpoints_are_inclusive[2026-09-23]" time="0.026" /><testcase classname="tests.backend.test_api" name="test_calendar_endpoints_are_inclusive[2026-12-31]" time="0.030" /><testcase classname="tests.backend.test_api" name="test_normalization_optional_values_and_large_budget" time="0.043" /><testcase classname="tests.backend.test_api" name="test_empty_results_are_successful_business_outcomes[changes0-no_category_in_city]" time="0.019" /><testcase classname="tests.backend.test_api" name="test_empty_results_are_successful_business_outcomes[changes1-no_matches]" time="0.021" /><testcase classname="tests.backend.test_api" name="test_unavailable_catalogue_reports_503_instead_of_empty_matches[True]" time="0.017" /><testcase classname="tests.backend.test_api" name="test_unavailable_catalogue_reports_503_instead_of_empty_matches[False]" time="0.016" /><testcase classname="tests.backend.test_api" name="test_missing_frontend_is_not_claimed_ready" time="0.019" /><testcase classname="tests.backend.test_api" name="test_static_server_exposes_only_frontend_and_preserves_api" time="0.113" /><testcase classname="tests.backend.test_api" name="test_unexpected_matcher_error_is_safe_unified_503" time="0.023" /><testcase classname="tests.backend.test_api" name="test_public_frontend_assets_preserve_get_head_and_mime[/-index.html-text/html]" time="0.040" /><testcase classname="tests.backend.test_api" name="test_public_frontend_assets_preserve_get_head_and_mime[/index.html-index.html-text/html]" time="0.046" /><testcase classname="tests.backend.test_api" name="test_public_frontend_assets_preserve_get_head_and_mime[/styles.css-styles.css-text/css]" time="0.040" /><testcase classname="tests.backend.test_api" name="test_public_frontend_assets_preserve_get_head_and_mime[/app.mjs-app.mjs-text/javascript]" time="0.039" /><testcase classname="tests.backend.test_api" name="test_public_frontend_assets_preserve_get_head_and_mime[/view.mjs-view.mjs-text/javascript]" time="0.040" /><testcase classname="tests.backend.test_api" name="test_public_frontend_assets_preserve_get_head_and_mime[/api.mjs-api.mjs-text/javascript]" time="0.039" /><testcase classname="tests.backend.test_api" name="test_static_server_blocks_existing_private_frontend_files[/AGENTS.md]" time="0.033" /><testcase classname="tests.backend.test_api" name="test_static_server_blocks_existing_private_frontend_files[/README.md]" time="0.033" /><testcase classname="tests.backend.test_api" name="test_static_server_blocks_existing_private_frontend_files[/serve.mjs]" time="0.035" /><testcase classname="tests.backend.test_api" name="test_static_server_blocks_existing_private_frontend_files[/.env.example]" time="0.033" /><testcase classname="tests.backend.test_api" name="test_static_server_blocks_existing_private_frontend_files[/.env]" time="0.032" /><testcase classname="tests.backend.test_api" name="test_static_server_blocks_existing_private_frontend_files[/.gitignore]" time="0.033" /><testcase classname="tests.backend.test_api" name="test_static_server_blocks_existing_private_frontend_files[/.git/config]" time="0.032" /><testcase classname="tests.backend.test_api" name="test_static_server_blocks_existing_private_frontend_files[/private.json]" time="0.031" /><testcase classname="tests.backend.test_api" name="test_static_server_blocks_existing_private_frontend_files[/dev.html]" time="0.036" /><testcase classname="tests.backend.test_api" name="test_static_server_blocks_existing_private_frontend_files[/unlisted.mjs]" time="0.035" /><testcase classname="tests.backend.test_api" name="test_static_server_blocks_existing_private_frontend_files[/%2eenv]" time="0.032" /><testcase classname="tests.backend.test_api" name="test_static_server_blocks_existing_private_frontend_files[/%2e%2e/private.txt]" time="0.033" /><testcase classname="tests.backend.test_api" name="test_missing_catalog_and_frontend_do_not_claim_api_ready" time="0.013" /><testcase classname="tests.backend.test_api" name="test_catalog_failure_logs_actionable_reason_without_http_details[missing-\u043e\u0442\u0441\u0443\u0442\u0441\u0442\u0432\u0443\u0435\u0442]" time="0.013" /><testcase classname="tests.backend.test_api" name="test_catalog_failure_logs_actionable_reason_without_http_details[encoding-UTF-8]" time="0.017" /><testcase classname="tests.backend.test_api" name="test_catalog_failure_logs_actionable_reason_without_http_details[header-\u0417\u0430\u0433\u043e\u043b\u043e\u0432\u043e\u043a CSV]" time="0.023" /><testcase classname="tests.backend.test_api" name="test_catalog_failure_logs_actionable_reason_without_http_details[field-\u0421\u0442\u0440\u043e\u043a\u0430 2: \u041f\u043e\u043b\u0435 price_from_kzt]" time="0.016" /><testcase classname="tests.backend.test_api" name="test_public_api_uses_project_name" time="0.046" /><testcase classname="tests.backend.test_catalog_matching" name="test_source_catalogue_is_preserved_and_normalized" time="0.001" /><testcase classname="tests.backend.test_catalog_matching" name="test_known_real_catalogue_scenarios[changes0-6-matched]" time="0.005" /><testcase classname="tests.backend.test_catalog_matching" name="test_known_real_catalogue_scenarios[changes1-4-matched]" time="0.005" /><testcase classname="tests.backend.test_catalog_matching" name="test_known_real_catalogue_scenarios[changes2-2-matched]" time="0.002" /><testcase classname="tests.backend.test_catalog_matching" name="test_known_real_catalogue_scenarios[changes3-0-no_matches]" time="0.001" /><testcase classname="tests.backend.test_catalog_matching" name="test_known_real_catalogue_scenarios[changes4-0-no_matches]" time="0.001" /><testcase classname="tests.backend.test_catalog_matching" name="test_known_real_catalogue_scenarios[changes5-0-no_category_in_city]" time="0.001" /><testcase classname="tests.backend.test_catalog_matching" name="test_optional_missing_and_null_have_identical_results" time="0.009" /><testcase classname="tests.backend.test_catalog_matching" name="test_exclusions_overlap_and_are_not_short_circuited" time="0.006" /><testcase classname="tests.backend.test_catalog_matching" name="test_busy_venues_are_excluded" time="0.006" /><testcase classname="tests.backend.test_catalog_matching" name="test_null_duration_is_not_zero_or_a_hidden_filter" time="0.006" /><testcase classname="tests.backend.test_catalog_matching" name="test_rank_ties_use_id_and_ignore_csv_order" time="0.012" /><testcase classname="tests.backend.test_catalog_matching" name="test_real_catalogue_order_does_not_control_ranking" time="0.074" /><testcase classname="tests.backend.test_catalog_matching" name="test_card_facts_and_provenance_come_from_source" time="0.005" /><testcase classname="tests.backend.test_catalog_matching" name="test_suggestions_change_one_field_and_choose_minimal_alternatives" time="0.007" /><testcase classname="tests.backend.test_catalog_matching" name="test_no_suggestion_when_two_changes_would_be_needed" time="0.007" /><testcase classname="tests.backend.test_catalog_matching" name="test_invalid_source_values_fail_loading[bad_row0]" time="0.006" /><testcase classname="tests.backend.test_catalog_matching" name="test_invalid_source_values_fail_loading[bad_row1]" time="0.007" /><testcase classname="tests.backend.test_catalog_matching" name="test_invalid_source_values_fail_loading[bad_row2]" time="0.006" /><testcase classname="tests.backend.test_catalog_matching" name="test_invalid_source_values_fail_loading[bad_row3]" time="0.007" /><testcase classname="tests.backend.test_catalog_matching" name="test_invalid_source_values_fail_loading[bad_row4]" time="0.007" /><testcase classname="tests.backend.test_catalog_matching" name="test_invalid_source_values_fail_loading[bad_row5]" time="0.007" /><testcase classname="tests.backend.test_catalog_matching" name="test_invalid_source_values_fail_loading[bad_row6]" time="0.007" /><testcase classname="tests.backend.test_catalog_matching" name="test_duplicate_ids_and_empty_catalogue_fail_loading" time="0.008" /><testcase classname="tests.backend.test_catalog_matching" name="test_each_hard_constraint_alone_removes_a_candidate[row_changes0-busy]" time="0.007" /><testcase classname="tests.backend.test_catalog_matching" name="test_each_hard_constraint_alone_removes_a_candidate[row_changes1-budget]" time="0.007" /><testcase classname="tests.backend.test_catalog_matching" name="test_each_hard_constraint_alone_removes_a_candidate[row_changes2-event_type]" time="0.007" /><testcase classname="tests.backend.test_catalog_matching" name="test_each_hard_constraint_alone_removes_a_candidate[row_changes3-language]" time="0.007" /><testcase classname="tests.backend.test_catalog_matching" name="test_each_hard_constraint_alone_removes_a_candidate[row_changes4-duration]" time="0.008" /><testcase classname="tests.backend.test_catalog_matching" name="test_date_suggestion_stays_inside_calendar_at_both_boundaries[2026-09-23-2026-09-24]" time="0.007" /><testcase classname="tests.backend.test_catalog_matching" name="test_date_suggestion_stays_inside_calendar_at_both_boundaries[2026-12-31-2026-12-30]" time="0.008" /><testcase classname="tests.backend.test_catalog_matching" name="test_real_date_change_alters_visible_top_three_due_to_availability" time="0.009" /><testcase classname="tests.backend.test_catalog_matching" name="test_explanations_include_distinct_source_facts_not_only_names" time="0.007" /><testcase classname="tests.backend.test_catalog_matching" name="test_live_band_explanations_distinguish_composition_beyond_names" time="0.005" /><testcase classname="tests.backend.test_catalog_matching" name="test_concrete_service_beats_generic_event_promotion" time="0.008" /><testcase classname="tests.backend.test_catalog_matching" name="test_fact_at_end_of_long_clause_survives_excerpt_limit" time="0.008" /><testcase classname="tests.backend.test_catalog_matching" name="test_compact_explanation_preserves_requested_constraints[6-4-4 \u0447 \u043f\u0440\u0438 \u043b\u0438\u043c\u0438\u0442\u0435 6 \u0447]" time="0.007" /><testcase classname="tests.backend.test_catalog_matching" name="test_compact_explanation_preserves_requested_constraints[-4-\u043f\u0440\u0438\u0441\u0443\u0442\u0441\u0442\u0432\u0438\u0435 \u043f\u043e \u0447\u0430\u0441\u0430\u043c \u043d\u0435\u043f\u0440\u0438\u043c\u0435\u043d\u0438\u043c\u043e]" time="0.007" /><testcase classname="tests.backend.test_catalog_matching" name="test_compact_explanation_does_not_invent_optional_requests" time="0.007" /><testcase classname="tests.backend.test_catalog_matching" name="test_real_ensemble_excerpt_keeps_one_complete_package" time="0.004" /><testcase classname="tests.backend.test_catalog_matching" name="test_package_boundaries_do_not_depend_on_profile_id_or_band_name" time="0.009" /><testcase classname="tests.backend.test_catalog_matching" name="test_sparse_real_description_uses_catalog_facts_without_advertising" time="0.002" /><testcase classname="tests.backend.test_catalog_matching" name="test_sparse_description_fallback_handles_presence_truthfully[5-\u043d\u0430 \u043f\u043b\u043e\u0449\u0430\u0434\u043a\u0435 \u0434\u043e 5 \u0447]" time="0.008" /><testcase classname="tests.backend.test_catalog_matching" name="test_sparse_description_fallback_handles_presence_truthfully[-\u0440\u0430\u0431\u043e\u0442\u0430 \u043d\u0435 \u043f\u0440\u0438\u0432\u044f\u0437\u0430\u043d\u0430 \u043a \u043f\u0440\u0438\u0441\u0443\u0442\u0441\u0442\u0432\u0438\u044e \u043f\u043e \u0447\u0430\u0441\u0430\u043c]" time="0.009" /><testcase classname="tests.backend.test_catalog_matching" name="test_unsegmented_long_preview_is_not_used_as_a_reason" time="0.008" /><testcase classname="tests.backend.test_catalog_matching" name="test_truncated_source_with_late_qualification_is_not_a_reason[]" time="0.011" /><testcase classname="tests.backend.test_catalog_matching" name="test_truncated_source_with_late_qualification_is_not_a_reason[\u0411\u043e\u043b\u044c\u0448\u043e\u0439 \u0441\u043e\u0441\u0442\u0430\u0432: ]" time="0.011" /><testcase classname="tests.backend.test_catalog_matching" name="test_package_price_qualification_is_separate_from_source[\u041f\u0430\u043a\u0435\u0442 \u041f\u0440\u0435\u043c\u0438\u0443\u043c: \u043c\u0433\u043d\u043e\u0432\u0435\u043d\u043d\u0430\u044f \u043f\u0435\u0447\u0430\u0442\u044c \u0441\u043d\u0438\u043c\u043a\u043e\u0432 \u0438 \u0431\u0440\u0435\u043d\u0434\u0438\u0440\u043e\u0432\u0430\u043d\u043d\u044b\u0435 \u0444\u043e\u0442\u043e\u0440\u0430\u043c\u043a\u0438.-\u0441\u0442\u043e\u0438\u043c\u043e\u0441\u0442\u044c \u044d\u0442\u043e\u0433\u043e \u043f\u0430\u043a\u0435\u0442\u0430 \u043d\u0443\u0436\u043d\u043e \u0443\u0442\u043e\u0447\u043d\u0438\u0442\u044c]" time="0.008" /><testcase classname="tests.backend.test_catalog_matching" name="test_package_price_qualification_is_separate_from_source[\u0420\u0435\u043f\u0435\u0440\u0442\u0443\u0430\u0440: \u043f\u0435\u0441\u043d\u0438 \u043d\u0430 \u0441\u043a\u0440\u0438\u043f\u043a\u0435 \u0438 \u0441\u0430\u043a\u0441\u043e\u0444\u043e\u043d\u0435 \u0434\u043b\u044f \u043a\u0430\u043c\u0435\u0440\u043d\u044b\u0445 \u0432\u0441\u0442\u0440\u0435\u0447.-None]" time="0.008" /><testcase classname="tests.backend.test_catalog_matching" name="test_package_price_qualification_is_separate_from_source[\u042f\u0437\u044b\u043a\u0438 \u0440\u0430\u0431\u043e\u0442\u044b: \u0440\u0443\u0441\u0441\u043a\u0438\u0439, \u0430\u043d\u0433\u043b\u0438\u0439\u0441\u043a\u0438\u0439 \u0434\u043b\u044f \u0432\u0435\u0434\u0435\u043d\u0438\u044f \u043c\u0435\u0440\u043e\u043f\u0440\u0438\u044f\u0442\u0438\u0439.-None]" time="0.008" /><testcase classname="tests.backend.test_catalog_matching" name="test_human_approved_five_explanation_revisions[2]" time="0.004" /><testcase classname="tests.backend.test_catalog_matching" name="test_human_approved_five_explanation_revisions[4]" time="0.004" /><testcase classname="tests.backend.test_catalog_matching" name="test_human_approved_five_explanation_revisions[5]" time="0.002" /><testcase classname="tests.backend.test_catalog_matching" name="test_human_approved_five_explanation_revisions[6]" time="0.004" /><testcase classname="tests.backend.test_catalog_matching" name="test_human_approved_five_explanation_revisions[7]" time="0.002" /><testcase classname="tests.backend.test_catalog_matching" name="test_approved_host_and_venue_explanations_remain_byte_identical[1]" time="0.004" /><testcase classname="tests.backend.test_catalog_matching" name="test_approved_host_and_venue_explanations_remain_byte_identical[3]" time="0.002" /><testcase classname="tests.backend.test_catalog_matching" name="test_named_composition_summary_preserves_negative_inclusion" time="0.008" /><testcase classname="tests.backend.test_catalog_matching" name="test_missing_selected_excerpt_does_not_mean_missing_facts" time="0.012" /><testcase classname="tests.backend.test_catalog_matching" name="test_composition_summary_generalizes_to_different_names_and_ids" time="0.007" /><testcase classname="tests.backend.test_checkpoint" name="test_personal_branch_mapping[Dinmukhammed-dev-dinmukhammed]" time="0.001" /><testcase classname="tests.backend.test_checkpoint" name="test_personal_branch_mapping[Ilyas-dev-zoro]" time="0.001" /><testcase classname="tests.backend.test_checkpoint" name="test_personal_branch_mapping[Ilyas-dev-ilyas]" time="0.001" /><testcase classname="tests.backend.test_checkpoint" name="test_forbidden_branch_mapping[Dinmukhammed-main]" time="0.001" /><testcase classname="tests.backend.test_checkpoint" name="test_forbidden_branch_mapping[Ilyas-integration]" time="0.001" /><testcase classname="tests.backend.test_checkpoint" name="test_forbidden_branch_mapping[Dinmukhammed-dev-zoro]" time="0.001" /><testcase classname="tests.backend.test_checkpoint" name="test_forbidden_branch_mapping[Ilyas-dev-dinmukhammed]" time="0.001" /><testcase classname="tests.backend.test_checkpoint" name="test_forbidden_branch_mapping[Unknown-dev-test]" time="0.001" /><testcase classname="tests.backend.test_checkpoint" name="test_dinmukhammed_ownership_and_sensitive_paths[.env]" time="0.001" /><testcase classname="tests.backend.test_checkpoint" name="test_dinmukhammed_ownership_and_sensitive_paths[backend/.env.example]" time="0.001" /><testcase classname="tests.backend.test_checkpoint" name="test_dinmukhammed_ownership_and_sensitive_paths[backend/credentials.json]" time="0.001" /><testcase classname="tests.backend.test_checkpoint" name="test_dinmukhammed_ownership_and_sensitive_paths[backend/secrets.toml]" time="0.001" /><testcase classname="tests.backend.test_checkpoint" name="test_dinmukhammed_ownership_and_sensitive_paths[backend/key.pem]" time="0.001" /><testcase classname="tests.backend.test_checkpoint" name="test_dinmukhammed_ownership_and_sensitive_paths[backend/key.key]" time="0.001" /><testcase classname="tests.backend.test_checkpoint" name="test_dinmukhammed_ownership_and_sensitive_paths[backend/id_rsa]" time="0.001" /><testcase classname="tests.backend.test_checkpoint" name="test_dinmukhammed_ownership_and_sensitive_paths[backend/.git/config]" time="0.001" /><testcase classname="tests.backend.test_checkpoint" name="test_dinmukhammed_ownership_and_sensitive_paths[../backend/app.py]" time="0.001" /><testcase classname="tests.backend.test_checkpoint" name="test_dinmukhammed_ownership_and_sensitive_paths[frontend/app.mjs]" time="0.001" /><testcase classname="tests.backend.test_checkpoint" name="test_dinmukhammed_ownership_and_sensitive_paths[docs/handoffs/ilyas.md]" time="0.001" /><testcase classname="tests.backend.test_checkpoint" name="test_dinmukhammed_ownership_and_sensitive_paths[tests/ui/test.mjs]" time="0.001" /><testcase classname="tests.backend.test_checkpoint" name="test_ilyas_owned_paths[frontend/app.mjs]" time="0.001" /><testcase classname="tests.backend.test_checkpoint" name="test_ilyas_owned_paths[tests/ui/evidence/result.json]" time="0.001" /><testcase classname="tests.backend.test_checkpoint" name="test_ilyas_owned_paths[docs/handoffs/ilyas.md]" time="0.001" /><testcase classname="tests.backend.test_checkpoint" name="test_ilyas_owned_paths[docs/DEMO.md]" time="0.001" /><testcase classname="tests.backend.test_checkpoint" name="test_ilyas_owned_paths[docs/EXPERT_CHECK.md]" time="0.001" /><testcase classname="tests.backend.test_checkpoint" name="test_ilyas_cannot_publish_shared_or_sensitive_paths[docs/COMPLIANCE.md]" time="0.001" /><testcase classname="tests.backend.test_checkpoint" name="test_ilyas_cannot_publish_shared_or_sensitive_paths[docs/STATE.md]" time="0.001" /><testcase classname="tests.backend.test_checkpoint" name="test_ilyas_cannot_publish_shared_or_sensitive_paths[README.md]" time="0.001" /><testcase classname="tests.backend.test_checkpoint" name="test_ilyas_cannot_publish_shared_or_sensitive_paths[backend/app.py]" time="0.001" /><testcase classname="tests.backend.test_checkpoint" name="test_ilyas_cannot_publish_shared_or_sensitive_paths[frontend/.env.example]" time="0.001" /><testcase classname="tests.backend.test_checkpoint" name="test_only_explicit_fake_literals_are_allowed[FAKE_TEST_VALUE]" time="0.001" /><testcase classname="tests.backend.test_checkpoint" name="test_only_explicit_fake_literals_are_allowed[DUMMY_TEST_VALUE]" time="0.001" /><testcase classname="tests.backend.test_checkpoint" name="test_only_explicit_fake_literals_are_allowed[PLACEHOLDER]" time="0.001" /><testcase classname="tests.backend.test_checkpoint" name="test_only_explicit_fake_literals_are_allowed[PLACEHOLDER_TEST_VALUE]" time="0.001" /><testcase classname="tests.backend.test_checkpoint" name="test_credential_assignments_are_rejected_without_echoing_value[real-value]" time="0.001" /><testcase classname="tests.backend.test_checkpoint" name="test_credential_assignments_are_rejected_without_echoing_value[some-FAKE_value]" time="0.001" /><testcase classname="tests.backend.test_checkpoint" name="test_credential_assignments_are_rejected_without_echoing_value[FAKE value then real]" time="0.001" /><testcase classname="tests.backend.test_checkpoint" name="test_credential_assignments_are_rejected_without_echoing_value[DUMMY_OK real-secret]" time="0.001" /><testcase classname="tests.backend.test_checkpoint" name="test_fake_marker_does_not_exempt_other_credentials" time="0.001" /><testcase classname="tests.backend.test_checkpoint" name="test_current_script_is_scannable" time="0.003" /><testcase classname="tests.backend.test_checkpoint" name="test_nontext_requires_manual_review[a\x00b]" time="0.001" /><testcase classname="tests.backend.test_checkpoint" name="test_nontext_requires_manual_review[\xff]" time="0.001" /><testcase classname="tests.backend.test_checkpoint" name="test_default_check_does_not_stage_commit_or_push" time="4.012" /><testcase classname="tests.backend.test_checkpoint" name="test_publish_to_disposable_personal_remote_only" time="7.305" /><testcase classname="tests.backend.test_checkpoint" name="test_no_empty_commit" time="3.414" /><testcase classname="tests.backend.test_checkpoint" name="test_unknown_origin_rejected_before_validator" time="0.969" /><testcase classname="tests.backend.test_checkpoint" name="test_push_url_is_also_validated" time="1.116" /><testcase classname="tests.backend.test_checkpoint" name="test_git_operation_blocks[MERGE_HEAD]" time="1.243" /><testcase classname="tests.backend.test_checkpoint" name="test_git_operation_blocks[CHERRY_PICK_HEAD]" time="1.252" /><testcase classname="tests.backend.test_checkpoint" name="test_git_operation_blocks[rebase-merge]" time="1.323" /><testcase classname="tests.backend.test_checkpoint" name="test_git_operation_blocks[sequencer]" time="1.378" /><testcase classname="tests.backend.test_checkpoint" name="test_existing_unpublished_commit_blocks_check_and_publish" time="1.949" /><testcase classname="tests.backend.test_checkpoint" name="test_foreign_untracked_file_blocks" time="1.947" /><testcase classname="tests.backend.test_checkpoint" name="test_staged_foreign_content_cannot_hide_under_reverted_worktree" time="1.964" /><testcase classname="tests.backend.test_checkpoint" name="test_rename_checks_both_old_and_new_paths" time="2.308" /><testcase classname="tests.backend.test_checkpoint" name="test_secret_in_staged_blob_cannot_hide_under_safe_worktree" time="2.191" /><testcase classname="tests.backend.test_checkpoint" name="test_worktree_race_blocks_before_staging" time="3.825" /><testcase classname="tests.backend.test_checkpoint" name="test_validation_failure_never_stages" time="2.706" /><testcase classname="tests.backend.test_checkpoint" name="test_remote_advancing_during_tests_blocks" time="5.062" /><testcase classname="tests.backend.test_checkpoint" name="test_cleanup_own_server_even_when_smoke_fails" time="0.007" /><testcase classname="tests.backend.test_checkpoint" name="test_push_pins_checked_commit_even_if_head_moves" time="10.082" /><testcase classname="tests.backend.test_checkpoint" name="test_all_checkpoint_deliverables_pass_own_secret_heuristic" time="0.009" /><testcase classname="tests.backend.test_checkpoint" name="test_unquoted_spaced_credential_is_not_ignored" time="0.001" /><testcase classname="tests.backend.test_explanation_review_categories" name="test_reviewed_real_profiles_keep_source_and_request_constraints[photo-approach]" time="0.005" /><testcase classname="tests.backend.test_explanation_review_categories" name="test_reviewed_real_profiles_keep_source_and_request_constraints[photo-structured]" time="0.004" /><testcase classname="tests.backend.test_explanation_review_categories" name="test_reviewed_real_profiles_keep_source_and_request_constraints[video-attributed-source]" time="0.005" /><testcase classname="tests.backend.test_explanation_review_categories" name="test_reviewed_real_profiles_keep_source_and_request_constraints[video-structured]" time="0.004" /><testcase classname="tests.backend.test_explanation_review_categories" name="test_reviewed_real_profiles_keep_source_and_request_constraints[band-expanded]" time="0.005" /><testcase classname="tests.backend.test_explanation_review_categories" name="test_reviewed_real_profiles_keep_source_and_request_constraints[band-large]" time="0.006" /><testcase classname="tests.backend.test_explanation_review_categories" name="test_reviewed_real_profiles_keep_source_and_request_constraints[venue-specific]" time="0.004" /><testcase classname="tests.backend.test_explanation_review_categories" name="test_reviewed_real_profiles_keep_source_and_request_constraints[venue-structured]" time="0.003" /><testcase classname="tests.backend.test_explanation_review_categories" name="test_reviewed_real_profiles_keep_source_and_request_constraints[florist-palette]" time="0.003" /><testcase classname="tests.backend.test_explanation_review_categories" name="test_reviewed_real_profiles_keep_source_and_request_constraints[florist-quantified]" time="0.004" /><testcase classname="tests.backend.test_explanation_review_categories" name="test_review_set_covers_two_distinct_profiles_in_each_required_category" time="0.001" /><testcase classname="tests.backend.test_http_security" name="test_normal_and_exact_16kib_body_keep_success_contract" time="0.043" /><testcase classname="tests.backend.test_http_security" name="test_actual_oversized_body_is_rejected_and_server_remains_usable[None]" time="0.038" /><testcase classname="tests.backend.test_http_security" name="test_actual_oversized_body_is_rejected_and_server_remains_usable[1]" time="0.035" /><testcase classname="tests.backend.test_http_security" name="test_actual_oversized_body_is_rejected_and_server_remains_usable[16385]" time="0.037" /><testcase classname="tests.backend.test_http_security" name="test_individual_chunks_are_counted_without_reliable_content_length[headers0]" time="0.035" /><testcase classname="tests.backend.test_http_security" name="test_individual_chunks_are_counted_without_reliable_content_length[headers1]" time="0.032" /><testcase classname="tests.backend.test_http_security" name="test_oversized_declaration_is_rejected_before_reading_body" time="0.009" /><testcase classname="tests.backend.test_http_security" name="test_utf8_limit_counts_bytes_not_characters" time="0.029" /><testcase classname="tests.backend.test_http_security" name="test_baseline_headers_on_api_errors_and_docs_without_frontend_csp[/api/meta-200]" time="0.026" /><testcase classname="tests.backend.test_http_security" name="test_baseline_headers_on_api_errors_and_docs_without_frontend_csp[/api/health-200]" time="0.026" /><testcase classname="tests.backend.test_http_security" name="test_baseline_headers_on_api_errors_and_docs_without_frontend_csp[/missing-404]" time="0.025" /><testcase classname="tests.backend.test_http_security" name="test_baseline_headers_on_api_errors_and_docs_without_frontend_csp[/docs-200]" time="0.025" /><testcase classname="tests.backend.test_http_security" name="test_baseline_headers_on_api_errors_and_docs_without_frontend_csp[/redoc-200]" time="0.023" /><testcase classname="tests.backend.test_http_security" name="test_baseline_headers_on_api_errors_and_docs_without_frontend_csp[/openapi.json-200]" time="0.052" /><testcase classname="tests.backend.test_http_security" name="test_validation_and_readiness_errors_have_baseline_headers" time="0.034" /><testcase classname="tests.backend.test_http_security" name="test_unexpected_server_error_has_headers_and_no_internal_details" time="0.027" /><testcase classname="tests.backend.test_http_security" name="test_csp_applies_only_to_allowlisted_frontend_and_preserves_docs" time="0.082" /><testcase classname="tests.backend.test_http_security" name="test_normal_chunked_request_is_replayed_without_changing_json" time="0.035" /><testcase classname="tests.backend.test_jury_launcher" name="test_source_resource_root" time="0.001" /><testcase classname="tests.backend.test_jury_launcher" name="test_frozen_resource_root" time="0.006" /><testcase classname="tests.backend.test_jury_launcher" name="test_complete_bundle_files_are_accepted" time="0.020" /><testcase classname="tests.backend.test_jury_launcher" name="test_each_required_file_is_checked[data/contractors.csv]" time="0.022" /><testcase classname="tests.backend.test_jury_launcher" name="test_each_required_file_is_checked[frontend/index.html]" time="0.022" /><testcase classname="tests.backend.test_jury_launcher" name="test_each_required_file_is_checked[frontend/styles.css]" time="0.022" /><testcase classname="tests.backend.test_jury_launcher" name="test_each_required_file_is_checked[frontend/view.mjs]" time="0.024" /><testcase classname="tests.backend.test_jury_launcher" name="test_each_required_file_is_checked[frontend/api.mjs]" time="0.021" /><testcase classname="tests.backend.test_jury_launcher" name="test_each_required_file_is_checked[frontend/app.mjs]" time="0.017" /><testcase classname="tests.backend.test_jury_launcher" name="test_each_required_file_is_checked[frontend/i18n.mjs]" time="0.017" /><testcase classname="tests.backend.test_jury_launcher" name="test_each_required_file_is_checked[frontend/search-select.mjs]" time="0.019" /><testcase classname="tests.backend.test_jury_launcher" name="test_each_required_file_is_checked[frontend/catalog-guide.json]" time="0.018" /><testcase classname="tests.backend.test_jury_launcher" name="test_directory_does_not_substitute_required_file" time="0.019" /><testcase classname="tests.backend.test_jury_launcher" name="test_reserved_socket_is_loopback_only_and_closed" time="0.001" /><testcase classname="tests.backend.test_jury_launcher" name="test_busy_preferred_port_uses_another_local_port_and_closes_both" time="0.001" /><testcase classname="tests.backend.test_jury_launcher" name="test_invalid_port_rejected_before_socket_creation[-1]" time="0.001" /><testcase classname="tests.backend.test_jury_launcher" name="test_invalid_port_rejected_before_socket_creation[65536]" time="0.001" /><testcase classname="tests.backend.test_jury_launcher" name="test_socket_closed_when_binding_or_listening_fails[0-bind-expected_binds0]" time="0.001" /><testcase classname="tests.backend.test_jury_launcher" name="test_socket_closed_when_binding_or_listening_fails[8000-bind-expected_binds1]" time="0.001" /><testcase classname="tests.backend.test_jury_launcher" name="test_socket_closed_when_binding_or_listening_fails[0-listen-expected_binds2]" time="0.001" /><testcase classname="tests.backend.test_jury_launcher" name="test_browser_waits_for_healthy_expected_dataset_without_proxy" time="0.001" /><testcase classname="tests.backend.test_jury_launcher" name="test_browser_timeout_prints_manual_address_without_opening" time="0.001" /><testcase classname="tests.backend.test_jury_launcher" name="test_stopped_launcher_neither_opens_browser_nor_reports_timeout[True]" time="0.001" /><testcase classname="tests.backend.test_jury_launcher" name="test_stopped_launcher_neither_opens_browser_nor_reports_timeout[False]" time="0.001" /><testcase classname="tests.backend.test_jury_launcher" name="test_main_invalid_port_fails_before_bundle_check[-1]" time="0.003" /><testcase classname="tests.backend.test_jury_launcher" name="test_main_invalid_port_fails_before_bundle_check[65536]" time="0.002" /><testcase classname="tests.backend.test_jury_launcher" name="test_main_reports_missing_bundle_files" time="0.006" /><testcase classname="tests.backend.test_jury_launcher" name="test_main_reports_missing_runtime_dependency" time="0.019" /><testcase classname="tests.backend.test_jury_launcher" name="test_main_reports_invalid_catalog_before_socket_or_browser" time="0.083" /><testcase classname="tests.backend.test_smoke" name="test_smoke_rejects_missing_expected_suggestion[increase_budget]" time="0.018" /><testcase classname="tests.backend.test_smoke" name="test_smoke_rejects_missing_expected_suggestion[change_date]" time="0.020" /><testcase classname="tests.backend.test_smoke" name="test_advice_verification_rejects_inconsistent_results[second_field]" time="0.001" /><testcase classname="tests.backend.test_smoke" name="test_advice_verification_rejects_inconsistent_results[missing_field]" time="0.001" /><testcase classname="tests.backend.test_smoke" name="test_advice_verification_rejects_inconsistent_results[response_version]" time="0.002" /><testcase classname="tests.backend.test_smoke" name="test_advice_verification_rejects_inconsistent_results[followup_version]" time="0.003" /><testcase classname="tests.backend.test_smoke" name="test_advice_verification_rejects_inconsistent_results[wrong_count]" time="0.003" /><testcase classname="tests.backend.test_smoke" name="test_smoke_accepts_real_catalogue_responses" time="0.018" /></testsuite></testsuites>